,number,value,datetime_start,datetime_complete,duration,params_feat,params_rf_max_depth,params_rf_max_feat,state
189,189,0.84375,2022-10-29 16:35:09.512119,2022-10-29 16:35:10.108314,0 days 00:00:00.596195,1231,50.0,70,COMPLETE
190,190,0.878125,2022-10-29 16:35:10.108905,2022-10-29 16:35:10.423112,0 days 00:00:00.314207,1391,50.0,10,COMPLETE
191,191,0.8625,2022-10-29 16:35:10.423596,2022-10-29 16:35:10.800914,0 days 00:00:00.377318,1581,50.0,10,COMPLETE
192,192,0.8734375,2022-10-29 16:35:10.801417,2022-10-29 16:35:11.134857,0 days 00:00:00.333440,1431,50.0,10,COMPLETE
193,193,0.846875,2022-10-29 16:35:11.135326,2022-10-29 16:35:11.548793,0 days 00:00:00.413467,1381,50.0,30,COMPLETE
194,194,0.853125,2022-10-29 16:35:11.549582,2022-10-29 16:35:11.952410,0 days 00:00:00.402828,1401,50.0,50,COMPLETE
195,195,0.8546875,2022-10-29 16:35:11.952882,2022-10-29 16:35:12.234045,0 days 00:00:00.281163,1311,50.0,10,COMPLETE
196,196,0.8578125,2022-10-29 16:35:12.234531,2022-10-29 16:35:12.621334,0 days 00:00:00.386803,1671,50.0,30,COMPLETE
197,197,0.88125,2022-10-29 16:35:12.621930,2022-10-29 16:35:12.883081,0 days 00:00:00.261151,1071,50.0,10,COMPLETE
198,198,0.85625,2022-10-29 16:35:12.883665,2022-10-29 16:35:13.178236,0 days 00:00:00.294571,821,50.0,50,COMPLETE
199,199,0.846875,2022-10-29 16:35:13.178785,2022-10-29 16:35:13.461659,0 days 00:00:00.282874,1041,50.0,30,COMPLETE
