,number,value,datetime_start,datetime_complete,duration,params_C,params_feat,state
191,191,0.8046875,2022-10-29 16:09:46.700784,2022-10-29 16:09:47.254779,0 days 00:00:00.553995,3791,1761,COMPLETE
192,192,0.8374999999999999,2022-10-29 16:09:47.255288,2022-10-29 16:09:47.495804,0 days 00:00:00.240516,4021,871,COMPLETE
193,193,0.8421875,2022-10-29 16:09:47.496250,2022-10-29 16:09:47.745805,0 days 00:00:00.249555,4181,821,COMPLETE
194,194,0.8171875000000001,2022-10-29 16:09:47.746306,2022-10-29 16:09:48.010244,0 days 00:00:00.263938,3881,781,COMPLETE
195,195,0.8328125000000001,2022-10-29 16:09:48.010688,2022-10-29 16:09:48.248726,0 days 00:00:00.238038,2661,881,COMPLETE
196,196,0.8234375,2022-10-29 16:09:48.249200,2022-10-29 16:09:48.452248,0 days 00:00:00.203048,4301,731,COMPLETE
197,197,0.8265625000000001,2022-10-29 16:09:48.452681,2022-10-29 16:09:48.736600,0 days 00:00:00.283919,4131,951,COMPLETE
198,198,0.8359375,2022-10-29 16:09:48.737034,2022-10-29 16:09:48.966789,0 days 00:00:00.229755,3681,841,COMPLETE
199,199,0.8359375,2022-10-29 16:09:48.967411,2022-10-29 16:09:49.236573,0 days 00:00:00.269162,4791,1061,COMPLETE
