,number,value,datetime_start,datetime_complete,duration,params_feat,params_rf_max_depth,params_rf_max_feat,state
0,0,0.690625,2022-10-29 16:43:03.459171,2022-10-29 16:43:14.213500,0 days 00:00:10.754329,3381,10.0,790,COMPLETE
1,1,0.6890625,2022-10-29 16:43:14.254662,2022-10-29 16:43:18.089158,0 days 00:00:03.834496,4041,30.0,570,COMPLETE
2,2,0.6546875000000001,2022-10-29 16:43:18.089661,2022-10-29 16:43:20.858832,0 days 00:00:02.769171,4191,100.0,690,COMPLETE
3,3,0.6515625,2022-10-29 16:43:20.859386,2022-10-29 16:43:21.753741,0 days 00:00:00.894355,2961,100.0,230,COMPLETE
4,4,0.6484375,2022-10-29 16:43:21.754186,2022-10-29 16:43:22.705597,0 days 00:00:00.951411,2731,40.0,110,COMPLETE
5,5,0.6296875,2022-10-29 16:43:22.706038,2022-10-29 16:43:23.701361,0 days 00:00:00.995323,3801,,90,COMPLETE
6,6,0.6984374999999999,2022-10-29 16:43:23.701927,2022-10-29 16:43:24.148221,0 days 00:00:00.446294,1571,,1010,COMPLETE
7,7,0.6703125000000001,2022-10-29 16:43:24.148634,2022-10-29 16:43:25.061762,0 days 00:00:00.913128,3181,50.0,150,COMPLETE
8,8,0.7265625,2022-10-29 16:43:25.062201,2022-10-29 16:43:25.248797,0 days 00:00:00.186596,401,90.0,290,COMPLETE
9,9,0.71875,2022-10-29 16:43:25.249357,2022-10-29 16:43:25.772880,0 days 00:00:00.523523,1971,10.0,570,COMPLETE
10,10,0.6921875,2022-10-29 16:43:25.773313,2022-10-29 16:43:25.842040,0 days 00:00:00.068727,71,60.0,330,COMPLETE
11,11,0.6812499999999999,2022-10-29 16:43:25.842455,2022-10-29 16:43:26.213240,0 days 00:00:00.370785,1321,90.0,450,COMPLETE
12,12,0.7109375,2022-10-29 16:43:26.213636,2022-10-29 16:43:26.305314,0 days 00:00:00.091678,231,70.0,390,COMPLETE
13,13,0.6703125,2022-10-29 16:43:26.305716,2022-10-29 16:43:26.564509,0 days 00:00:00.258793,1071,20.0,570,COMPLETE
14,14,0.6749999999999999,2022-10-29 16:43:26.564902,2022-10-29 16:43:27.074746,0 days 00:00:00.509844,2061,90.0,750,COMPLETE
15,15,0.7046874999999999,2022-10-29 16:43:27.075302,2022-10-29 16:43:27.290922,0 days 00:00:00.215620,731,80.0,270,COMPLETE
16,16,0.690625,2022-10-29 16:43:27.291329,2022-10-29 16:43:27.790955,0 days 00:00:00.499626,2101,10.0,890,COMPLETE
17,17,0.6078125,2022-10-29 16:43:27.791418,2022-10-29 16:43:27.956735,0 days 00:00:00.165317,591,10.0,10,COMPLETE
18,18,0.675,2022-10-29 16:43:27.957154,2022-10-29 16:43:28.561289,0 days 00:00:00.604135,2531,90.0,550,COMPLETE
19,19,0.6765625,2022-10-29 16:43:28.561713,2022-10-29 16:43:29.020412,0 days 00:00:00.458699,1591,80.0,430,COMPLETE
20,20,0.715625,2022-10-29 16:43:29.021065,2022-10-29 16:43:29.272217,0 days 00:00:00.251152,921,30.0,610,COMPLETE
21,21,0.7218749999999999,2022-10-29 16:43:29.272634,2022-10-29 16:43:29.468414,0 days 00:00:00.195780,651,30.0,650,COMPLETE
22,22,0.7359375000000001,2022-10-29 16:43:29.468812,2022-10-29 16:43:29.610542,0 days 00:00:00.141730,451,30.0,650,COMPLETE
23,23,0.728125,2022-10-29 16:43:29.610945,2022-10-29 16:43:29.743716,0 days 00:00:00.132771,431,30.0,670,COMPLETE
24,24,0.7015625000000001,2022-10-29 16:43:29.744143,2022-10-29 16:43:29.889413,0 days 00:00:00.145270,421,30.0,830,COMPLETE
25,25,0.6953125,2022-10-29 16:43:29.889817,2022-10-29 16:43:29.945330,0 days 00:00:00.055513,101,30.0,710,COMPLETE
26,26,0.6921875,2022-10-29 16:43:29.945746,2022-10-29 16:43:30.249746,0 days 00:00:00.304000,1141,20.0,490,COMPLETE
27,27,0.7140625,2022-10-29 16:43:30.250140,2022-10-29 16:43:30.383693,0 days 00:00:00.133553,371,50.0,930,COMPLETE
28,28,0.7296875,2022-10-29 16:43:30.384097,2022-10-29 16:43:30.735603,0 days 00:00:00.351506,1431,70.0,350,COMPLETE
29,29,0.6937499999999999,2022-10-29 16:43:30.736007,2022-10-29 16:43:31.154349,0 days 00:00:00.418342,1611,70.0,810,COMPLETE
30,30,0.7234375,2022-10-29 16:43:31.154758,2022-10-29 16:43:31.373101,0 days 00:00:00.218343,811,70.0,370,COMPLETE
31,31,0.6859375,2022-10-29 16:43:31.373523,2022-10-29 16:43:31.698365,0 days 00:00:00.324842,1321,40.0,290,COMPLETE
32,32,0.7265625,2022-10-29 16:43:31.698788,2022-10-29 16:43:31.833294,0 days 00:00:00.134506,421,30.0,490,COMPLETE
33,33,0.7046875,2022-10-29 16:43:31.833903,2022-10-29 16:43:31.875988,0 days 00:00:00.042085,21,30.0,510,COMPLETE
34,34,0.715625,2022-10-29 16:43:31.877469,2022-10-29 16:43:32.126095,0 days 00:00:00.248626,1001,30.0,630,COMPLETE
35,35,0.7296874999999999,2022-10-29 16:43:32.126531,2022-10-29 16:43:32.284928,0 days 00:00:00.158397,541,30.0,730,COMPLETE
36,36,0.6875,2022-10-29 16:43:32.285356,2022-10-29 16:43:32.613654,0 days 00:00:00.328298,1321,60.0,710,COMPLETE
37,37,0.7265625,2022-10-29 16:43:32.614079,2022-10-29 16:43:33.070682,0 days 00:00:00.456603,1721,100.0,750,COMPLETE
38,38,0.6921875,2022-10-29 16:43:33.071171,2022-10-29 16:43:33.845928,0 days 00:00:00.774757,2511,70.0,890,COMPLETE
39,39,0.66875,2022-10-29 16:43:33.847095,2022-10-29 16:43:34.900143,0 days 00:00:01.053048,4341,30.0,670,COMPLETE
40,40,0.66875,2022-10-29 16:43:34.900605,2022-10-29 16:43:35.752033,0 days 00:00:00.851428,3501,,190,COMPLETE
41,41,0.71875,2022-10-29 16:43:35.753045,2022-10-29 16:43:36.209102,0 days 00:00:00.456057,1901,100.0,770,COMPLETE
42,42,0.7203124999999999,2022-10-29 16:43:36.209535,2022-10-29 16:43:36.390191,0 days 00:00:00.180656,621,100.0,730,COMPLETE
43,43,0.6953125,2022-10-29 16:43:36.390597,2022-10-29 16:43:36.835952,0 days 00:00:00.445355,1811,40.0,830,COMPLETE
44,44,0.65625,2022-10-29 16:43:36.836379,2022-10-29 16:43:37.385934,0 days 00:00:00.549555,2261,100.0,610,COMPLETE
45,45,0.7171875000000001,2022-10-29 16:43:37.386363,2022-10-29 16:43:37.701126,0 days 00:00:00.314763,1211,100.0,1010,COMPLETE
46,46,0.7078125,2022-10-29 16:43:37.701550,2022-10-29 16:43:38.066995,0 days 00:00:00.365445,1501,50.0,770,COMPLETE
47,47,0.7140625,2022-10-29 16:43:38.067414,2022-10-29 16:43:38.167895,0 days 00:00:00.100481,301,30.0,470,COMPLETE
48,48,0.709375,2022-10-29 16:43:38.168307,2022-10-29 16:43:38.404074,0 days 00:00:00.235767,911,70.0,670,COMPLETE
49,49,0.715625,2022-10-29 16:43:38.404673,2022-10-29 16:43:38.561295,0 days 00:00:00.156622,531,90.0,250,COMPLETE
50,50,0.7078125000000001,2022-10-29 16:43:38.561728,2022-10-29 16:43:38.640738,0 days 00:00:00.079010,211,60.0,550,COMPLETE
51,51,0.6859374999999999,2022-10-29 16:43:38.641146,2022-10-29 16:43:38.845125,0 days 00:00:00.203979,801,90.0,210,COMPLETE
52,52,0.690625,2022-10-29 16:43:38.845551,2022-10-29 16:43:39.264196,0 days 00:00:00.418645,1781,,330,COMPLETE
53,53,0.6984374999999999,2022-10-29 16:43:39.264622,2022-10-29 16:43:39.351442,0 days 00:00:00.086820,231,80.0,110,COMPLETE
54,54,0.7125,2022-10-29 16:43:39.351854,2022-10-29 16:43:39.485853,0 days 00:00:00.133999,421,30.0,590,COMPLETE
55,55,0.6765625,2022-10-29 16:43:39.486269,2022-10-29 16:43:40.006129,0 days 00:00:00.519860,2271,20.0,870,COMPLETE
56,56,0.7250000000000001,2022-10-29 16:43:40.006562,2022-10-29 16:43:40.175316,0 days 00:00:00.168754,521,30.0,410,COMPLETE
57,57,0.71875,2022-10-29 16:43:40.175850,2022-10-29 16:43:40.545349,0 days 00:00:00.369499,1471,30.0,530,COMPLETE
58,58,0.6859375000000001,2022-10-29 16:43:40.545807,2022-10-29 16:43:41.251389,0 days 00:00:00.705582,2871,30.0,690,COMPLETE
59,59,0.715625,2022-10-29 16:43:41.251832,2022-10-29 16:43:41.460298,0 days 00:00:00.208466,751,10.0,350,COMPLETE
60,60,0.7109375,2022-10-29 16:43:41.460716,2022-10-29 16:43:41.529116,0 days 00:00:00.068400,141,30.0,950,COMPLETE
61,61,0.7078125,2022-10-29 16:43:41.529527,2022-10-29 16:43:41.660151,0 days 00:00:00.130624,371,90.0,450,COMPLETE
62,62,0.7140625,2022-10-29 16:43:41.660560,2022-10-29 16:43:41.701152,0 days 00:00:00.040592,21,70.0,730,COMPLETE
63,63,0.7203125,2022-10-29 16:43:41.701678,2022-10-29 16:43:41.970177,0 days 00:00:00.268499,1071,100.0,310,COMPLETE
64,64,0.7203124999999999,2022-10-29 16:43:41.970596,2022-10-29 16:43:42.219974,0 days 00:00:00.249378,891,30.0,650,COMPLETE
65,65,0.7156250000000001,2022-10-29 16:43:42.220418,2022-10-29 16:43:42.403882,0 days 00:00:00.183464,571,40.0,390,COMPLETE
66,66,0.70625,2022-10-29 16:43:42.404296,2022-10-29 16:43:42.577379,0 days 00:00:00.173083,471,90.0,770,COMPLETE
67,67,0.7125,2022-10-29 16:43:42.577799,2022-10-29 16:43:42.694284,0 days 00:00:00.116485,291,50.0,510,COMPLETE
68,68,0.7203125000000001,2022-10-29 16:43:42.695024,2022-10-29 16:43:42.897404,0 days 00:00:00.202380,651,30.0,810,COMPLETE
69,69,0.7171875000000001,2022-10-29 16:43:42.897822,2022-10-29 16:43:43.280841,0 days 00:00:00.383019,1221,70.0,570,COMPLETE
70,70,0.7124999999999999,2022-10-29 16:43:43.281451,2022-10-29 16:43:43.620036,0 days 00:00:00.338585,1031,80.0,630,COMPLETE
71,71,0.7015625,2022-10-29 16:43:43.620528,2022-10-29 16:43:43.796195,0 days 00:00:00.175667,511,30.0,410,COMPLETE
72,72,0.7375,2022-10-29 16:43:43.796655,2022-10-29 16:43:43.995278,0 days 00:00:00.198623,721,30.0,430,COMPLETE
73,73,0.7421875,2022-10-29 16:43:43.995689,2022-10-29 16:43:44.203403,0 days 00:00:00.207714,721,30.0,270,COMPLETE
74,74,0.7296875,2022-10-29 16:43:44.203879,2022-10-29 16:43:44.403995,0 days 00:00:00.200116,701,30.0,270,COMPLETE
75,75,0.6859375000000001,2022-10-29 16:43:44.404421,2022-10-29 16:43:44.612058,0 days 00:00:00.207637,731,30.0,170,COMPLETE
76,76,0.6828125,2022-10-29 16:43:44.612772,2022-10-29 16:43:45.049850,0 days 00:00:00.437078,1711,30.0,270,COMPLETE
77,77,0.71875,2022-10-29 16:43:45.050294,2022-10-29 16:43:45.295138,0 days 00:00:00.244844,841,30.0,230,COMPLETE
78,78,0.6968749999999999,2022-10-29 16:43:45.295561,2022-10-29 16:43:45.487658,0 days 00:00:00.192097,671,30.0,350,COMPLETE
79,79,0.7109375,2022-10-29 16:43:45.488081,2022-10-29 16:43:45.813910,0 days 00:00:00.325829,961,30.0,450,COMPLETE
80,80,0.703125,2022-10-29 16:43:45.814364,2022-10-29 16:43:45.884753,0 days 00:00:00.070389,131,30.0,290,COMPLETE
81,81,0.7265625,2022-10-29 16:43:45.885286,2022-10-29 16:43:46.077284,0 days 00:00:00.191998,391,60.0,310,COMPLETE
82,82,0.659375,2022-10-29 16:43:46.077743,2022-10-29 16:43:46.403552,0 days 00:00:00.325809,1201,30.0,50,COMPLETE
83,83,0.74375,2022-10-29 16:43:46.403969,2022-10-29 16:43:46.594362,0 days 00:00:00.190393,701,60.0,370,COMPLETE
84,84,0.7078125,2022-10-29 16:43:46.594787,2022-10-29 16:43:46.719645,0 days 00:00:00.124858,321,60.0,370,COMPLETE
85,85,0.7296875,2022-10-29 16:43:46.720088,2022-10-29 16:43:46.907759,0 days 00:00:00.187671,701,60.0,310,COMPLETE
86,86,0.634375,2022-10-29 16:43:46.908184,2022-10-29 16:43:47.895118,0 days 00:00:00.986934,3951,60.0,250,COMPLETE
87,87,0.6828125,2022-10-29 16:43:47.895584,2022-10-29 16:43:48.103311,0 days 00:00:00.207727,681,60.0,330,COMPLETE
88,88,0.7078125,2022-10-29 16:43:48.103734,2022-10-29 16:43:48.443552,0 days 00:00:00.339818,1401,60.0,390,COMPLETE
89,89,0.7359374999999999,2022-10-29 16:43:48.443997,2022-10-29 16:43:48.672522,0 days 00:00:00.228525,801,20.0,270,COMPLETE
90,90,0.6812499999999999,2022-10-29 16:43:48.672993,2022-10-29 16:43:48.961671,0 days 00:00:00.288678,1101,20.0,150,COMPLETE
91,91,0.7265625,2022-10-29 16:43:48.962148,2022-10-29 16:43:49.186080,0 days 00:00:00.223932,841,20.0,270,COMPLETE
92,92,0.7031249999999999,2022-10-29 16:43:49.186725,2022-10-29 16:43:49.455871,0 days 00:00:00.269146,971,20.0,350,COMPLETE
93,93,0.725,2022-10-29 16:43:49.456481,2022-10-29 16:43:49.618228,0 days 00:00:00.161747,631,,210,COMPLETE
94,94,0.7515625000000001,2022-10-29 16:43:49.618685,2022-10-29 16:43:49.895542,0 days 00:00:00.276857,511,60.0,310,COMPLETE
95,95,0.7046874999999999,2022-10-29 16:43:49.896007,2022-10-29 16:43:50.111161,0 days 00:00:00.215154,801,60.0,310,COMPLETE
96,96,0.6843750000000001,2022-10-29 16:43:50.111648,2022-10-29 16:43:50.266294,0 days 00:00:00.154646,551,60.0,290,COMPLETE
97,97,0.7281249999999999,2022-10-29 16:43:50.266752,2022-10-29 16:43:50.467724,0 days 00:00:00.200972,741,10.0,430,COMPLETE
98,98,0.7078125,2022-10-29 16:43:50.468147,2022-10-29 16:43:50.554953,0 days 00:00:00.086806,201,60.0,250,COMPLETE
99,99,0.6796875,2022-10-29 16:43:50.555408,2022-10-29 16:43:50.790034,0 days 00:00:00.234626,901,70.0,370,COMPLETE
100,100,0.7203124999999999,2022-10-29 16:43:50.790459,2022-10-29 16:43:50.948235,0 days 00:00:00.157776,581,20.0,210,COMPLETE
101,101,0.759375,2022-10-29 16:43:50.948692,2022-10-29 16:43:51.089206,0 days 00:00:00.140514,441,60.0,330,COMPLETE
102,102,0.721875,2022-10-29 16:43:51.089630,2022-10-29 16:43:51.232924,0 days 00:00:00.143294,471,60.0,330,COMPLETE
103,103,0.709375,2022-10-29 16:43:51.233426,2022-10-29 16:43:51.330185,0 days 00:00:00.096759,281,60.0,310,COMPLETE
104,104,0.6875,2022-10-29 16:43:51.330643,2022-10-29 16:43:51.539403,0 days 00:00:00.208760,731,60.0,410,COMPLETE
105,105,0.7234375000000001,2022-10-29 16:43:51.539848,2022-10-29 16:43:51.676165,0 days 00:00:00.136317,461,40.0,270,COMPLETE
106,106,0.7296874999999999,2022-10-29 16:43:51.676607,2022-10-29 16:43:51.912726,0 days 00:00:00.236119,601,60.0,230,COMPLETE
107,107,0.7093750000000001,2022-10-29 16:43:51.913162,2022-10-29 16:43:52.186834,0 days 00:00:00.273672,1011,60.0,230,COMPLETE
108,108,0.6921875000000001,2022-10-29 16:43:52.187266,2022-10-29 16:43:52.488371,0 days 00:00:00.301105,1161,50.0,350,COMPLETE
109,109,0.7234375,2022-10-29 16:43:52.488817,2022-10-29 16:43:52.676137,0 days 00:00:00.187320,371,60.0,390,COMPLETE
110,110,0.71875,2022-10-29 16:43:52.676588,2022-10-29 16:43:52.913012,0 days 00:00:00.236424,861,60.0,230,COMPLETE
111,111,0.7015625000000001,2022-10-29 16:43:52.913587,2022-10-29 16:43:53.074941,0 days 00:00:00.161354,591,70.0,290,COMPLETE
112,112,0.7078125,2022-10-29 16:43:53.075375,2022-10-29 16:43:53.258422,0 days 00:00:00.183047,681,80.0,150,COMPLETE
113,113,0.6953125,2022-10-29 16:43:53.258855,2022-10-29 16:43:53.460249,0 days 00:00:00.201394,771,60.0,190,COMPLETE
114,114,0.7234375000000001,2022-10-29 16:43:53.460686,2022-10-29 16:43:53.606300,0 days 00:00:00.145614,501,60.0,250,COMPLETE
115,115,0.721875,2022-10-29 16:43:53.606734,2022-10-29 16:43:53.696240,0 days 00:00:00.089506,231,30.0,430,COMPLETE
116,116,0.7281250000000001,2022-10-29 16:43:53.696665,2022-10-29 16:43:53.815405,0 days 00:00:00.118740,351,,370,COMPLETE
117,117,0.7375,2022-10-29 16:43:53.815861,2022-10-29 16:43:53.998084,0 days 00:00:00.182223,591,20.0,290,COMPLETE
118,118,0.7109375000000001,2022-10-29 16:43:53.998531,2022-10-29 16:43:54.061973,0 days 00:00:00.063442,101,20.0,330,COMPLETE
119,119,0.7250000000000001,2022-10-29 16:43:54.062401,2022-10-29 16:43:54.389791,0 days 00:00:00.327390,1291,20.0,270,COMPLETE
120,120,0.7265625,2022-10-29 16:43:54.390274,2022-10-29 16:43:54.575640,0 days 00:00:00.185366,641,20.0,310,COMPLETE
121,121,0.7296875,2022-10-29 16:43:54.576078,2022-10-29 16:43:54.737624,0 days 00:00:00.161546,581,30.0,290,COMPLETE
122,122,0.6953125,2022-10-29 16:43:54.738076,2022-10-29 16:43:54.884331,0 days 00:00:00.146255,481,30.0,330,COMPLETE
123,123,0.7234375000000001,2022-10-29 16:43:54.884814,2022-10-29 16:43:55.133154,0 days 00:00:00.248340,901,30.0,290,COMPLETE
124,124,0.65,2022-10-29 16:43:55.133592,2022-10-29 16:43:55.949827,0 days 00:00:00.816235,3381,30.0,290,COMPLETE
125,125,0.7015625000000001,2022-10-29 16:43:55.950301,2022-10-29 16:43:56.184689,0 days 00:00:00.234388,761,10.0,370,COMPLETE
126,126,0.715625,2022-10-29 16:43:56.185130,2022-10-29 16:43:56.326076,0 days 00:00:00.140946,391,30.0,270,COMPLETE
127,127,0.7015624999999999,2022-10-29 16:43:56.326561,2022-10-29 16:43:56.589343,0 days 00:00:00.262782,551,70.0,470,COMPLETE
128,128,0.7187499999999999,2022-10-29 16:43:56.589838,2022-10-29 16:43:56.791533,0 days 00:00:00.201695,611,20.0,190,COMPLETE
129,129,0.7265625,2022-10-29 16:43:56.791990,2022-10-29 16:43:57.076452,0 days 00:00:00.284462,1051,30.0,350,COMPLETE
130,130,0.6859375,2022-10-29 16:43:57.076911,2022-10-29 16:43:57.789368,0 days 00:00:00.712457,2161,60.0,250,COMPLETE
131,131,0.7296874999999999,2022-10-29 16:43:57.789998,2022-10-29 16:43:57.989537,0 days 00:00:00.199539,691,30.0,310,COMPLETE
132,132,0.728125,2022-10-29 16:43:57.990010,2022-10-29 16:43:58.198948,0 days 00:00:00.208938,801,60.0,230,COMPLETE
133,133,0.7062499999999999,2022-10-29 16:43:58.199390,2022-10-29 16:43:58.394172,0 days 00:00:00.194782,711,30.0,310,COMPLETE
134,134,0.7046875,2022-10-29 16:43:58.394690,2022-10-29 16:43:58.535176,0 days 00:00:00.140486,461,30.0,330,COMPLETE
135,135,0.7125,2022-10-29 16:43:58.535636,2022-10-29 16:43:58.703044,0 days 00:00:00.167408,571,40.0,390,COMPLETE
136,136,0.7343749999999999,2022-10-29 16:43:58.703492,2022-10-29 16:43:58.938204,0 days 00:00:00.234712,941,30.0,350,COMPLETE
137,137,0.7296874999999999,2022-10-29 16:43:58.938659,2022-10-29 16:43:59.175675,0 days 00:00:00.237016,941,30.0,410,COMPLETE
138,138,0.7218749999999999,2022-10-29 16:43:59.176202,2022-10-29 16:43:59.388281,0 days 00:00:00.212079,841,50.0,350,COMPLETE
139,139,0.7203125,2022-10-29 16:43:59.388861,2022-10-29 16:43:59.633094,0 days 00:00:00.244233,961,30.0,390,COMPLETE
140,140,0.7343749999999999,2022-10-29 16:43:59.633563,2022-10-29 16:43:59.848835,0 days 00:00:00.215272,701,20.0,310,COMPLETE
141,141,0.7000000000000001,2022-10-29 16:43:59.849283,2022-10-29 16:44:00.131900,0 days 00:00:00.282617,1121,20.0,470,COMPLETE
142,142,0.7046874999999999,2022-10-29 16:44:00.132412,2022-10-29 16:44:00.305715,0 days 00:00:00.173303,651,20.0,290,COMPLETE
143,143,0.7062499999999999,2022-10-29 16:44:00.306176,2022-10-29 16:44:00.492120,0 days 00:00:00.185944,711,20.0,310,COMPLETE
144,144,0.690625,2022-10-29 16:44:00.492580,2022-10-29 16:44:00.594690,0 days 00:00:00.102110,281,80.0,350,COMPLETE
145,145,0.73125,2022-10-29 16:44:00.595124,2022-10-29 16:44:00.833081,0 days 00:00:00.237957,821,30.0,270,COMPLETE
146,146,0.7328125,2022-10-29 16:44:00.833527,2022-10-29 16:44:01.040246,0 days 00:00:00.206719,841,20.0,250,COMPLETE
147,147,0.671875,2022-10-29 16:44:01.040719,2022-10-29 16:44:01.249109,0 days 00:00:00.208390,831,20.0,250,COMPLETE
148,148,0.709375,2022-10-29 16:44:01.249585,2022-10-29 16:44:01.516737,0 days 00:00:00.267152,1011,20.0,210,COMPLETE
149,149,0.70625,2022-10-29 16:44:01.517177,2022-10-29 16:44:01.738837,0 days 00:00:00.221660,881,20.0,270,COMPLETE
150,150,0.715625,2022-10-29 16:44:01.739425,2022-10-29 16:44:01.862831,0 days 00:00:00.123406,411,70.0,270,COMPLETE
151,151,0.7124999999999999,2022-10-29 16:44:01.863277,2022-10-29 16:44:02.059932,0 days 00:00:00.196655,741,20.0,330,COMPLETE
152,152,0.709375,2022-10-29 16:44:02.060373,2022-10-29 16:44:02.214208,0 days 00:00:00.153835,501,30.0,290,COMPLETE
153,153,0.7453125,2022-10-29 16:44:02.214693,2022-10-29 16:44:02.391513,0 days 00:00:00.176820,641,100.0,250,COMPLETE
154,154,0.715625,2022-10-29 16:44:02.391952,2022-10-29 16:44:02.554941,0 days 00:00:00.162989,571,100.0,250,COMPLETE
155,155,0.6687500000000001,2022-10-29 16:44:02.555415,2022-10-29 16:44:03.140257,0 days 00:00:00.584842,2541,100.0,350,COMPLETE
156,156,0.7078125000000001,2022-10-29 16:44:03.140762,2022-10-29 16:44:03.353507,0 days 00:00:00.212745,771,100.0,270,COMPLETE
157,157,0.7390625,2022-10-29 16:44:03.354039,2022-10-29 16:44:03.600022,0 days 00:00:00.245983,941,90.0,210,COMPLETE
158,158,0.6875,2022-10-29 16:44:03.600476,2022-10-29 16:44:03.870753,0 days 00:00:00.270277,1071,90.0,170,COMPLETE
159,159,0.7109375,2022-10-29 16:44:03.871239,2022-10-29 16:44:04.155383,0 days 00:00:00.284144,941,90.0,210,COMPLETE
160,160,0.653125,2022-10-29 16:44:04.155881,2022-10-29 16:44:04.925786,0 days 00:00:00.769905,3141,90.0,230,COMPLETE
161,161,0.7140625,2022-10-29 16:44:04.926312,2022-10-29 16:44:05.171405,0 days 00:00:00.245093,831,100.0,290,COMPLETE
162,162,0.7046874999999999,2022-10-29 16:44:05.171897,2022-10-29 16:44:05.358133,0 days 00:00:00.186236,641,90.0,250,COMPLETE
163,163,0.734375,2022-10-29 16:44:05.358614,2022-10-29 16:44:05.548673,0 days 00:00:00.190059,681,,310,COMPLETE
164,164,0.6968749999999999,2022-10-29 16:44:05.549119,2022-10-29 16:44:05.799334,0 days 00:00:00.250215,891,,330,COMPLETE
165,165,0.6859375,2022-10-29 16:44:05.800049,2022-10-29 16:44:06.106869,0 days 00:00:00.306820,1241,,370,COMPLETE
166,166,0.7171875,2022-10-29 16:44:06.107362,2022-10-29 16:44:06.265841,0 days 00:00:00.158479,491,,310,COMPLETE
167,167,0.7109375,2022-10-29 16:44:06.266478,2022-10-29 16:44:06.450614,0 days 00:00:00.184136,641,10.0,310,COMPLETE
168,168,0.703125,2022-10-29 16:44:06.451355,2022-10-29 16:44:06.670490,0 days 00:00:00.219135,771,,190,COMPLETE
169,169,0.725,2022-10-29 16:44:06.670958,2022-10-29 16:44:06.797583,0 days 00:00:00.126625,381,30.0,270,COMPLETE
170,170,0.7218749999999999,2022-10-29 16:44:06.798056,2022-10-29 16:44:06.987208,0 days 00:00:00.189152,601,20.0,230,COMPLETE
171,171,0.7109375000000001,2022-10-29 16:44:06.987717,2022-10-29 16:44:07.184656,0 days 00:00:00.196939,681,70.0,330,COMPLETE
172,172,0.6921875000000001,2022-10-29 16:44:07.185115,2022-10-29 16:44:07.340804,0 days 00:00:00.155689,531,30.0,290,COMPLETE
173,173,0.7093750000000001,2022-10-29 16:44:07.341260,2022-10-29 16:44:07.553078,0 days 00:00:00.211818,811,60.0,370,COMPLETE
174,174,0.675,2022-10-29 16:44:07.553559,2022-10-29 16:44:07.807261,0 days 00:00:00.253702,1001,20.0,250,COMPLETE
175,175,0.715625,2022-10-29 16:44:07.807728,2022-10-29 16:44:08.013501,0 days 00:00:00.205773,721,30.0,290,COMPLETE
176,176,0.728125,2022-10-29 16:44:08.013970,2022-10-29 16:44:08.259282,0 days 00:00:00.245312,891,40.0,330,COMPLETE
177,177,0.7140625,2022-10-29 16:44:08.259742,2022-10-29 16:44:08.485754,0 days 00:00:00.226012,791,60.0,310,COMPLETE
178,178,0.7093750000000001,2022-10-29 16:44:08.486234,2022-10-29 16:44:08.673303,0 days 00:00:00.187069,701,50.0,270,COMPLETE
179,179,0.7484375,2022-10-29 16:44:08.673846,2022-10-29 16:44:08.816018,0 days 00:00:00.142172,451,20.0,350,COMPLETE
180,180,0.7125,2022-10-29 16:44:08.816473,2022-10-29 16:44:08.939029,0 days 00:00:00.122556,411,20.0,350,COMPLETE
181,181,0.7406250000000001,2022-10-29 16:44:08.939483,2022-10-29 16:44:09.106537,0 days 00:00:00.167054,561,20.0,430,COMPLETE
182,182,0.7046874999999999,2022-10-29 16:44:09.106998,2022-10-29 16:44:09.275262,0 days 00:00:00.168264,541,20.0,430,COMPLETE
