,number,value,datetime_start,datetime_complete,duration,params_feat,params_rf_max_depth,params_rf_max_feat,state
0,0,0.8296875,2022-10-29 16:33:34.201947,2022-10-29 16:33:34.928193,0 days 00:00:00.726246,321,20.0,490,COMPLETE
1,1,0.784375,2022-10-29 16:33:34.929536,2022-10-29 16:33:37.120885,0 days 00:00:02.191349,4071,50.0,670,COMPLETE
2,2,0.834375,2022-10-29 16:33:37.121355,2022-10-29 16:33:37.558829,0 days 00:00:00.437474,691,30.0,110,COMPLETE
3,3,0.8234375,2022-10-29 16:33:37.559464,2022-10-29 16:33:37.817463,0 days 00:00:00.257999,331,50.0,50,COMPLETE
4,4,0.8125,2022-10-29 16:33:37.817882,2022-10-29 16:33:39.256083,0 days 00:00:01.438201,4061,30.0,310,COMPLETE
5,5,0.8171875,2022-10-29 16:33:39.256520,2022-10-29 16:33:40.530060,0 days 00:00:01.273540,4341,30.0,210,COMPLETE
6,6,0.815625,2022-10-29 16:33:40.530485,2022-10-29 16:33:41.314126,0 days 00:00:00.783641,971,80.0,390,COMPLETE
7,7,0.8078125,2022-10-29 16:33:41.314553,2022-10-29 16:33:42.599273,0 days 00:00:01.284720,721,,890,COMPLETE
8,8,0.790625,2022-10-29 16:33:42.599688,2022-10-29 16:33:43.691103,0 days 00:00:01.091415,1681,10.0,890,COMPLETE
9,9,0.8171875,2022-10-29 16:33:43.691608,2022-10-29 16:33:44.260237,0 days 00:00:00.568629,271,20.0,450,COMPLETE
10,10,0.828125,2022-10-29 16:33:44.260808,2022-10-29 16:33:44.914999,0 days 00:00:00.654191,2911,100.0,30,COMPLETE
11,11,0.815625,2022-10-29 16:33:44.915438,2022-10-29 16:33:45.980888,0 days 00:00:01.065450,1571,90.0,650,COMPLETE
12,12,0.8125,2022-10-29 16:33:45.981345,2022-10-29 16:33:47.301621,0 days 00:00:01.320276,2601,70.0,570,COMPLETE
13,13,0.8390625,2022-10-29 16:33:47.302054,2022-10-29 16:33:47.761032,0 days 00:00:00.458978,1291,60.0,150,COMPLETE
14,14,0.8234375,2022-10-29 16:33:47.761428,2022-10-29 16:33:48.345910,0 days 00:00:00.584482,1511,60.0,190,COMPLETE
15,15,0.8390625,2022-10-29 16:33:48.346306,2022-10-29 16:33:48.797139,0 days 00:00:00.450833,1011,60.0,170,COMPLETE
16,16,0.809375,2022-10-29 16:33:48.797588,2022-10-29 16:33:49.647075,0 days 00:00:00.849487,2171,60.0,290,COMPLETE
17,17,0.8265625,2022-10-29 16:33:49.647507,2022-10-29 16:33:50.135401,0 days 00:00:00.487894,1191,60.0,190,COMPLETE
18,18,0.8046875,2022-10-29 16:33:50.135853,2022-10-29 16:33:51.334292,0 days 00:00:01.198439,3281,60.0,330,COMPLETE
19,19,0.803125,2022-10-29 16:33:51.334745,2022-10-29 16:33:52.914347,0 days 00:00:01.579602,1951,40.0,1010,COMPLETE
20,20,0.8359375,2022-10-29 16:33:52.914776,2022-10-29 16:33:53.338226,0 days 00:00:00.423450,1131,60.0,130,COMPLETE
21,21,0.8359375,2022-10-29 16:33:53.338697,2022-10-29 16:33:53.773453,0 days 00:00:00.434756,1311,60.0,130,COMPLETE
22,22,0.815625,2022-10-29 16:33:53.773889,2022-10-29 16:33:54.377874,0 days 00:00:00.603985,1331,60.0,250,COMPLETE
23,23,0.8265625,2022-10-29 16:33:54.378275,2022-10-29 16:33:54.733238,0 days 00:00:00.354963,811,60.0,110,COMPLETE
24,24,0.8625,2022-10-29 16:33:54.733687,2022-10-29 16:33:55.108840,0 days 00:00:00.375153,1981,100.0,10,COMPLETE
25,25,0.828125,2022-10-29 16:33:55.109287,2022-10-29 16:33:55.595764,0 days 00:00:00.486477,2441,100.0,10,COMPLETE
26,26,0.8171875,2022-10-29 16:33:55.596211,2022-10-29 16:33:56.509907,0 days 00:00:00.913696,1901,100.0,390,COMPLETE
27,27,0.740625,2022-10-29 16:33:56.510328,2022-10-29 16:33:56.635924,0 days 00:00:00.125596,11,70.0,10,COMPLETE
28,28,0.81875,2022-10-29 16:33:56.636308,2022-10-29 16:33:57.366134,0 days 00:00:00.729826,3381,10.0,110,COMPLETE
29,29,0.8015625,2022-10-29 16:33:57.366576,2022-10-29 16:33:58.534003,0 days 00:00:01.167427,2051,80.0,530,COMPLETE
30,30,0.8125,2022-10-29 16:33:58.534451,2022-10-29 16:33:59.509558,0 days 00:00:00.975107,2601,90.0,250,COMPLETE
31,31,0.8359375,2022-10-29 16:33:59.510174,2022-10-29 16:34:00.169707,0 days 00:00:00.659533,1721,40.0,150,COMPLETE
32,32,0.8390625,2022-10-29 16:34:00.170701,2022-10-29 16:34:00.615777,0 days 00:00:00.445076,1421,,70,COMPLETE
33,33,0.84375,2022-10-29 16:34:00.616213,2022-10-29 16:34:00.898468,0 days 00:00:00.282255,491,,70,COMPLETE
34,34,0.834375,2022-10-29 16:34:00.898918,2022-10-29 16:34:01.259675,0 days 00:00:00.360757,441,,70,COMPLETE
35,35,0.8359375,2022-10-29 16:34:01.260182,2022-10-29 16:34:01.708459,0 days 00:00:00.448277,641,,70,COMPLETE
36,36,0.809375,2022-10-29 16:34:01.709080,2022-10-29 16:34:01.997730,0 days 00:00:00.288650,111,,70,COMPLETE
37,37,0.8375,2022-10-29 16:34:01.998167,2022-10-29 16:34:02.715266,0 days 00:00:00.717099,1411,50.0,230,COMPLETE
38,38,0.846875,2022-10-29 16:34:02.715824,2022-10-29 16:34:03.100128,0 days 00:00:00.384304,1021,,10,COMPLETE
39,39,0.8453125,2022-10-29 16:34:03.100582,2022-10-29 16:34:03.337877,0 days 00:00:00.237295,551,,10,COMPLETE
40,40,0.8328125,2022-10-29 16:34:03.338292,2022-10-29 16:34:03.568282,0 days 00:00:00.229990,481,,30,COMPLETE
41,41,0.834375,2022-10-29 16:34:03.568689,2022-10-29 16:34:03.964898,0 days 00:00:00.396209,921,,70,COMPLETE
42,42,0.8515625,2022-10-29 16:34:03.965333,2022-10-29 16:34:04.199440,0 days 00:00:00.234107,561,,10,COMPLETE
43,43,0.859375,2022-10-29 16:34:04.199891,2022-10-29 16:34:04.497507,0 days 00:00:00.297616,611,,10,COMPLETE
44,44,0.84375,2022-10-29 16:34:04.497983,2022-10-29 16:34:04.792557,0 days 00:00:00.294574,301,20.0,10,COMPLETE
45,45,0.825,2022-10-29 16:34:04.794410,2022-10-29 16:34:06.125072,0 days 00:00:01.330662,691,30.0,730,COMPLETE
46,46,0.8640625,2022-10-29 16:34:06.125555,2022-10-29 16:34:06.382713,0 days 00:00:00.257158,891,,10,COMPLETE
47,47,0.8265625,2022-10-29 16:34:06.383157,2022-10-29 16:34:06.763175,0 days 00:00:00.380018,881,100.0,110,COMPLETE
48,48,0.84375,2022-10-29 16:34:06.763628,2022-10-29 16:34:06.995860,0 days 00:00:00.232232,191,,50,COMPLETE
49,49,0.81875,2022-10-29 16:34:06.996272,2022-10-29 16:34:08.352570,0 days 00:00:01.356298,1021,50.0,770,COMPLETE
50,50,0.8375,2022-10-29 16:34:08.352978,2022-10-29 16:34:09.025367,0 days 00:00:00.672389,1721,,190,COMPLETE
51,51,0.8515625,2022-10-29 16:34:09.025823,2022-10-29 16:34:09.232552,0 days 00:00:00.206729,611,,10,COMPLETE
52,52,0.8375,2022-10-29 16:34:09.232976,2022-10-29 16:34:09.641316,0 days 00:00:00.408340,771,,110,COMPLETE
53,53,0.8671875,2022-10-29 16:34:09.641752,2022-10-29 16:34:09.976343,0 days 00:00:00.334591,1171,80.0,10,COMPLETE
54,54,0.8328125,2022-10-29 16:34:09.976861,2022-10-29 16:34:10.254447,0 days 00:00:00.277586,331,80.0,50,COMPLETE
55,55,0.83125,2022-10-29 16:34:10.254863,2022-10-29 16:34:10.822977,0 days 00:00:00.568114,1071,80.0,170,COMPLETE
56,56,0.8453125,2022-10-29 16:34:10.823727,2022-10-29 16:34:11.188185,0 days 00:00:00.364458,661,80.0,90,COMPLETE
57,57,0.809375,2022-10-29 16:34:11.188606,2022-10-29 16:34:11.655016,0 days 00:00:00.466410,1201,10.0,150,COMPLETE
58,58,0.828125,2022-10-29 16:34:11.655532,2022-10-29 16:34:12.433597,0 days 00:00:00.778065,1601,20.0,310,COMPLETE
59,59,0.8609375,2022-10-29 16:34:12.434017,2022-10-29 16:34:12.704854,0 days 00:00:00.270837,851,100.0,30,COMPLETE
60,60,0.8265625,2022-10-29 16:34:12.705290,2022-10-29 16:34:13.424318,0 days 00:00:00.719028,831,100.0,390,COMPLETE
61,61,0.8390625,2022-10-29 16:34:13.424748,2022-10-29 16:34:13.762636,0 days 00:00:00.337888,401,100.0,30,COMPLETE
62,62,0.8046875,2022-10-29 16:34:13.763824,2022-10-29 16:34:15.331858,0 days 00:00:01.568034,4441,100.0,30,COMPLETE
63,63,0.8296875,2022-10-29 16:34:15.332318,2022-10-29 16:34:15.696060,0 days 00:00:00.363742,561,30.0,110,COMPLETE
64,64,0.8375,2022-10-29 16:34:15.696929,2022-10-29 16:34:15.946517,0 days 00:00:00.249588,161,70.0,50,COMPLETE
65,65,0.834375,2022-10-29 16:34:15.946957,2022-10-29 16:34:16.414927,0 days 00:00:00.467970,2341,90.0,10,COMPLETE
66,66,0.8421875,2022-10-29 16:34:16.415390,2022-10-29 16:34:16.944218,0 days 00:00:00.528828,1131,40.0,150,COMPLETE
67,67,0.8390625,2022-10-29 16:34:16.944642,2022-10-29 16:34:17.679847,0 days 00:00:00.735205,2881,100.0,50,COMPLETE
68,68,0.8140625,2022-10-29 16:34:17.680315,2022-10-29 16:34:18.894766,0 days 00:00:01.214451,751,80.0,590,COMPLETE
69,69,0.85,2022-10-29 16:34:18.895213,2022-10-29 16:34:19.338464,0 days 00:00:00.443251,951,100.0,90,COMPLETE
70,70,0.784375,2022-10-29 16:34:19.339396,2022-10-29 16:34:21.094642,0 days 00:00:01.755246,4081,,470,COMPLETE
71,71,0.8296875,2022-10-29 16:34:21.095087,2022-10-29 16:34:21.535196,0 days 00:00:00.440109,1231,100.0,90,COMPLETE
72,72,0.853125,2022-10-29 16:34:21.535736,2022-10-29 16:34:21.939055,0 days 00:00:00.403319,911,100.0,90,COMPLETE
73,73,0.8765625,2022-10-29 16:34:21.939502,2022-10-29 16:34:22.180201,0 days 00:00:00.240699,611,100.0,10,COMPLETE
74,74,0.7671875,2022-10-29 16:34:22.180650,2022-10-29 16:34:22.360565,0 days 00:00:00.179915,21,100.0,130,COMPLETE
75,75,0.8390625,2022-10-29 16:34:22.361492,2022-10-29 16:34:22.928301,0 days 00:00:00.566809,1871,100.0,50,COMPLETE
76,76,0.859375,2022-10-29 16:34:22.928835,2022-10-29 16:34:23.319425,0 days 00:00:00.390590,1391,100.0,30,COMPLETE
77,77,0.8265625,2022-10-29 16:34:23.319882,2022-10-29 16:34:23.870144,0 days 00:00:00.550262,1541,100.0,130,COMPLETE
78,78,0.8109375,2022-10-29 16:34:23.870576,2022-10-29 16:34:24.494351,0 days 00:00:00.623775,1411,100.0,210,COMPLETE
79,79,0.846875,2022-10-29 16:34:24.494854,2022-10-29 16:34:24.956828,0 days 00:00:00.461974,1351,100.0,90,COMPLETE
80,80,0.8484375,2022-10-29 16:34:24.957339,2022-10-29 16:34:25.298437,0 days 00:00:00.341098,891,100.0,50,COMPLETE
81,81,0.8421875,2022-10-29 16:34:25.298888,2022-10-29 16:34:25.552815,0 days 00:00:00.253927,631,10.0,10,COMPLETE
82,82,0.8625,2022-10-29 16:34:25.553261,2022-10-29 16:34:25.884379,0 days 00:00:00.331118,1121,70.0,30,COMPLETE
83,83,0.85625,2022-10-29 16:34:25.884841,2022-10-29 16:34:26.198038,0 days 00:00:00.313197,1131,70.0,30,COMPLETE
84,84,0.8609375,2022-10-29 16:34:26.198458,2022-10-29 16:34:26.573046,0 days 00:00:00.374588,1241,70.0,30,COMPLETE
85,85,0.80625,2022-10-29 16:34:26.573626,2022-10-29 16:34:28.382642,0 days 00:00:01.809016,1791,70.0,990,COMPLETE
86,86,0.8453125,2022-10-29 16:34:28.383147,2022-10-29 16:34:28.872297,0 days 00:00:00.489150,2111,70.0,30,COMPLETE
87,87,0.8625,2022-10-29 16:34:28.872742,2022-10-29 16:34:29.259245,0 days 00:00:00.386503,1231,70.0,70,COMPLETE
88,88,0.8453125,2022-10-29 16:34:29.259704,2022-10-29 16:34:29.699977,0 days 00:00:00.440273,1551,70.0,70,COMPLETE
89,89,0.8421875,2022-10-29 16:34:29.700403,2022-10-29 16:34:30.215415,0 days 00:00:00.515012,1291,70.0,170,COMPLETE
90,90,0.8234375,2022-10-29 16:34:30.215843,2022-10-29 16:34:30.763598,0 days 00:00:00.547755,2011,70.0,50,COMPLETE
91,91,0.8421875,2022-10-29 16:34:30.764045,2022-10-29 16:34:31.098895,0 days 00:00:00.334850,1071,70.0,30,COMPLETE
92,92,0.8359375,2022-10-29 16:34:31.099463,2022-10-29 16:34:31.557955,0 days 00:00:00.458492,1461,90.0,70,COMPLETE
93,93,0.8546875,2022-10-29 16:34:31.558405,2022-10-29 16:34:31.864932,0 days 00:00:00.306527,1221,50.0,10,COMPLETE
94,94,0.8296875,2022-10-29 16:34:31.865455,2022-10-29 16:34:32.420670,0 days 00:00:00.555215,1651,70.0,110,COMPLETE
95,95,0.8515625,2022-10-29 16:34:32.421175,2022-10-29 16:34:32.731992,0 days 00:00:00.310817,801,80.0,50,COMPLETE
96,96,0.846875,2022-10-29 16:34:32.732457,2022-10-29 16:34:32.982903,0 days 00:00:00.250446,991,20.0,10,COMPLETE
97,97,0.83125,2022-10-29 16:34:32.983343,2022-10-29 16:34:33.493139,0 days 00:00:00.509796,1331,40.0,130,COMPLETE
98,98,0.8296875,2022-10-29 16:34:33.493696,2022-10-29 16:34:33.848485,0 days 00:00:00.354789,421,30.0,90,COMPLETE
99,99,0.859375,2022-10-29 16:34:33.848925,2022-10-29 16:34:34.133089,0 days 00:00:00.284164,731,70.0,30,COMPLETE
100,100,0.840625,2022-10-29 16:34:34.133538,2022-10-29 16:34:34.531387,0 days 00:00:00.397849,1131,80.0,70,COMPLETE
101,101,0.8484375,2022-10-29 16:34:34.531829,2022-10-29 16:34:34.815588,0 days 00:00:00.283759,791,70.0,30,COMPLETE
102,102,0.8546875,2022-10-29 16:34:34.816163,2022-10-29 16:34:35.086338,0 days 00:00:00.270175,721,70.0,30,COMPLETE
103,103,0.8421875,2022-10-29 16:34:35.086780,2022-10-29 16:34:35.456943,0 days 00:00:00.370163,951,70.0,50,COMPLETE
104,104,0.8609375,2022-10-29 16:34:35.457484,2022-10-29 16:34:35.770651,0 days 00:00:00.313167,851,70.0,10,COMPLETE
105,105,0.86875,2022-10-29 16:34:35.771116,2022-10-29 16:34:36.002328,0 days 00:00:00.231212,511,70.0,10,COMPLETE
106,106,0.840625,2022-10-29 16:34:36.002766,2022-10-29 16:34:36.292671,0 days 00:00:00.289905,511,70.0,70,COMPLETE
107,107,0.8625,2022-10-29 16:34:36.293111,2022-10-29 16:34:36.582112,0 days 00:00:00.289001,1061,70.0,10,COMPLETE
108,108,0.8390625,2022-10-29 16:34:36.582558,2022-10-29 16:34:37.276889,0 days 00:00:00.694331,3491,70.0,10,COMPLETE
109,109,0.8375,2022-10-29 16:34:37.277398,2022-10-29 16:34:37.648394,0 days 00:00:00.370996,871,70.0,110,COMPLETE
110,110,0.85,2022-10-29 16:34:37.648833,2022-10-29 16:34:38.051994,0 days 00:00:00.403161,1061,70.0,90,COMPLETE
111,111,0.8640625,2022-10-29 16:34:38.052434,2022-10-29 16:34:38.317124,0 days 00:00:00.264690,731,70.0,10,COMPLETE
112,112,0.8515625,2022-10-29 16:34:38.317824,2022-10-29 16:34:38.646809,0 days 00:00:00.328985,1251,70.0,10,COMPLETE
113,113,0.84375,2022-10-29 16:34:38.647283,2022-10-29 16:34:39.174205,0 days 00:00:00.526922,1191,70.0,50,COMPLETE
114,114,0.8640625,2022-10-29 16:34:39.174683,2022-10-29 16:34:39.489538,0 days 00:00:00.314855,311,70.0,10,COMPLETE
115,115,0.8421875,2022-10-29 16:34:39.490105,2022-10-29 16:34:39.839634,0 days 00:00:00.349529,381,70.0,70,COMPLETE
116,116,0.8359375,2022-10-29 16:34:39.840101,2022-10-29 16:34:40.013641,0 days 00:00:00.173540,321,10.0,10,COMPLETE
117,117,0.840625,2022-10-29 16:34:40.014109,2022-10-29 16:34:40.319923,0 days 00:00:00.305814,491,50.0,50,COMPLETE
118,118,0.853125,2022-10-29 16:34:40.320552,2022-10-29 16:34:40.500777,0 days 00:00:00.180225,211,70.0,10,COMPLETE
119,119,0.8296875,2022-10-29 16:34:40.501242,2022-10-29 16:34:40.771425,0 days 00:00:00.270183,261,70.0,70,COMPLETE
120,120,0.834375,2022-10-29 16:34:40.771946,2022-10-29 16:34:41.122669,0 days 00:00:00.350723,661,90.0,90,COMPLETE
121,121,0.8390625,2022-10-29 16:34:41.123187,2022-10-29 16:34:41.425440,0 days 00:00:00.302253,861,70.0,30,COMPLETE
122,122,0.859375,2022-10-29 16:34:41.426021,2022-10-29 16:34:41.777200,0 days 00:00:00.351179,991,70.0,30,COMPLETE
123,123,0.8265625,2022-10-29 16:34:41.777672,2022-10-29 16:34:42.614231,0 days 00:00:00.836559,551,60.0,350,COMPLETE
124,124,0.8171875,2022-10-29 16:34:42.614702,2022-10-29 16:34:43.316508,0 days 00:00:00.701806,2701,70.0,50,COMPLETE
125,125,0.8484375,2022-10-29 16:34:43.316974,2022-10-29 16:34:43.824268,0 days 00:00:00.507294,2261,80.0,10,COMPLETE
126,126,0.8671875,2022-10-29 16:34:43.825271,2022-10-29 16:34:44.154477,0 days 00:00:00.329206,1131,20.0,30,COMPLETE
127,127,0.853125,2022-10-29 16:34:44.154968,2022-10-29 16:34:44.588555,0 days 00:00:00.433587,1091,20.0,50,COMPLETE
128,128,0.828125,2022-10-29 16:34:44.588999,2022-10-29 16:34:45.064503,0 days 00:00:00.475504,1501,20.0,110,COMPLETE
129,129,0.803125,2022-10-29 16:34:45.064980,2022-10-29 16:34:46.337344,0 days 00:00:01.272364,991,20.0,810,COMPLETE
130,130,0.8140625,2022-10-29 16:34:46.337839,2022-10-29 16:34:47.390115,0 days 00:00:01.052276,721,40.0,630,COMPLETE
131,131,0.8671875,2022-10-29 16:34:47.390668,2022-10-29 16:34:47.678380,0 days 00:00:00.287712,1181,70.0,10,COMPLETE
132,132,0.86875,2022-10-29 16:34:47.679088,2022-10-29 16:34:47.953877,0 days 00:00:00.274789,1151,70.0,10,COMPLETE
133,133,0.8359375,2022-10-29 16:34:47.954361,2022-10-29 16:34:48.306966,0 days 00:00:00.352605,1161,20.0,70,COMPLETE
134,134,0.8484375,2022-10-29 16:34:48.307432,2022-10-29 16:34:48.681872,0 days 00:00:00.374440,1301,70.0,30,COMPLETE
135,135,0.8265625,2022-10-29 16:34:48.682409,2022-10-29 16:34:48.838704,0 days 00:00:00.156295,101,100.0,10,COMPLETE
136,136,0.8640625,2022-10-29 16:34:48.839144,2022-10-29 16:34:49.125021,0 days 00:00:00.285877,1061,70.0,10,COMPLETE
137,137,0.8359375,2022-10-29 16:34:49.125494,2022-10-29 16:34:49.583422,0 days 00:00:00.457928,1061,30.0,70,COMPLETE
138,138,0.853125,2022-10-29 16:34:49.583882,2022-10-29 16:34:50.002950,0 days 00:00:00.419068,1381,70.0,50,COMPLETE
139,139,0.89375,2022-10-29 16:34:50.003404,2022-10-29 16:34:50.251753,0 days 00:00:00.248349,971,70.0,10,COMPLETE
140,140,0.8734375,2022-10-29 16:34:50.252265,2022-10-29 16:34:50.493663,0 days 00:00:00.241398,941,70.0,10,COMPLETE
141,141,0.8703125,2022-10-29 16:34:50.494156,2022-10-29 16:34:50.743901,0 days 00:00:00.249745,931,70.0,10,COMPLETE
142,142,0.8625,2022-10-29 16:34:50.744445,2022-10-29 16:34:51.090542,0 days 00:00:00.346097,931,70.0,10,COMPLETE
143,143,0.8265625,2022-10-29 16:34:51.091156,2022-10-29 16:34:52.232810,0 days 00:00:01.141654,981,70.0,510,COMPLETE
144,144,0.853125,2022-10-29 16:34:52.233331,2022-10-29 16:34:52.468250,0 days 00:00:00.234919,631,70.0,10,COMPLETE
145,145,0.8546875,2022-10-29 16:34:52.468763,2022-10-29 16:34:52.750020,0 days 00:00:00.281257,761,70.0,50,COMPLETE
146,146,0.8796875,2022-10-29 16:34:52.750458,2022-10-29 16:34:52.997819,0 days 00:00:00.247361,911,70.0,10,COMPLETE
147,147,0.8453125,2022-10-29 16:34:52.998424,2022-10-29 16:34:53.264230,0 days 00:00:00.265806,801,70.0,30,COMPLETE
148,148,0.865625,2022-10-29 16:34:53.264711,2022-10-29 16:34:53.641366,0 days 00:00:00.376655,921,70.0,10,COMPLETE
149,149,0.840625,2022-10-29 16:34:53.642111,2022-10-29 16:34:53.999396,0 days 00:00:00.357285,921,80.0,30,COMPLETE
150,150,0.846875,2022-10-29 16:34:54.000068,2022-10-29 16:34:54.390318,0 days 00:00:00.390250,581,70.0,50,COMPLETE
151,151,0.8734375,2022-10-29 16:34:54.390834,2022-10-29 16:34:54.748753,0 days 00:00:00.357919,1161,70.0,10,COMPLETE
152,152,0.8609375,2022-10-29 16:34:54.749224,2022-10-29 16:34:55.067743,0 days 00:00:00.318519,1171,70.0,10,COMPLETE
153,153,0.8421875,2022-10-29 16:34:55.068188,2022-10-29 16:34:55.466100,0 days 00:00:00.397912,1011,70.0,10,COMPLETE
154,154,0.8515625,2022-10-29 16:34:55.466706,2022-10-29 16:34:55.958067,0 days 00:00:00.491361,861,70.0,30,COMPLETE
155,155,0.8390625,2022-10-29 16:34:55.958678,2022-10-29 16:34:56.223208,0 days 00:00:00.264530,451,70.0,50,COMPLETE
156,156,0.825,2022-10-29 16:34:56.223686,2022-10-29 16:34:56.542797,0 days 00:00:00.319111,711,10.0,30,COMPLETE
157,157,0.8453125,2022-10-29 16:34:56.545359,2022-10-29 16:34:57.024256,0 days 00:00:00.478897,1111,70.0,90,COMPLETE
158,158,0.871875,2022-10-29 16:34:57.024736,2022-10-29 16:34:57.309503,0 days 00:00:00.284767,921,50.0,10,COMPLETE
159,159,0.8421875,2022-10-29 16:34:57.309977,2022-10-29 16:34:57.753787,0 days 00:00:00.443810,831,60.0,50,COMPLETE
160,160,0.85625,2022-10-29 16:34:57.754254,2022-10-29 16:34:58.019271,0 days 00:00:00.265017,941,50.0,10,COMPLETE
161,161,0.8765625,2022-10-29 16:34:58.019728,2022-10-29 16:34:58.293517,0 days 00:00:00.273789,1011,50.0,10,COMPLETE
162,162,0.8828125,2022-10-29 16:34:58.294004,2022-10-29 16:34:58.561197,0 days 00:00:00.267193,1061,50.0,10,COMPLETE
163,163,0.834375,2022-10-29 16:34:58.561760,2022-10-29 16:34:59.486623,0 days 00:00:00.924863,1251,50.0,430,COMPLETE
164,164,0.85625,2022-10-29 16:34:59.488092,2022-10-29 16:34:59.854521,0 days 00:00:00.366429,1041,50.0,30,COMPLETE
165,165,0.83125,2022-10-29 16:34:59.855213,2022-10-29 16:35:00.458521,0 days 00:00:00.603308,1131,50.0,70,COMPLETE
166,166,0.846875,2022-10-29 16:35:00.464883,2022-10-29 16:35:01.046252,0 days 00:00:00.581369,921,50.0,50,COMPLETE
167,167,0.86875,2022-10-29 16:35:01.047009,2022-10-29 16:35:01.410856,0 days 00:00:00.363847,1311,50.0,10,COMPLETE
168,168,0.8609375,2022-10-29 16:35:01.411327,2022-10-29 16:35:01.779935,0 days 00:00:00.368608,1361,50.0,30,COMPLETE
169,169,0.8671875,2022-10-29 16:35:01.780500,2022-10-29 16:35:02.127506,0 days 00:00:00.347006,1191,50.0,10,COMPLETE
170,170,0.8578125,2022-10-29 16:35:02.128293,2022-10-29 16:35:02.626652,0 days 00:00:00.498359,1291,50.0,70,COMPLETE
171,171,0.86875,2022-10-29 16:35:02.627775,2022-10-29 16:35:02.956456,0 days 00:00:00.328681,1181,50.0,10,COMPLETE
172,172,0.8453125,2022-10-29 16:35:02.956923,2022-10-29 16:35:03.258271,0 days 00:00:00.301348,1151,50.0,30,COMPLETE
173,173,0.8796875,2022-10-29 16:35:03.258726,2022-10-29 16:35:03.536780,0 days 00:00:00.278054,1221,50.0,10,COMPLETE
174,174,0.85,2022-10-29 16:35:03.537236,2022-10-29 16:35:03.880184,0 days 00:00:00.342948,1221,50.0,30,COMPLETE
175,175,0.8546875,2022-10-29 16:35:03.880651,2022-10-29 16:35:04.661716,0 days 00:00:00.781065,1451,50.0,50,COMPLETE
176,176,0.875,2022-10-29 16:35:04.662200,2022-10-29 16:35:04.964347,0 days 00:00:00.302147,1191,50.0,10,COMPLETE
177,177,0.8546875,2022-10-29 16:35:04.964831,2022-10-29 16:35:05.324642,0 days 00:00:00.359811,1261,50.0,30,COMPLETE
178,178,0.86875,2022-10-29 16:35:05.325117,2022-10-29 16:35:05.644035,0 days 00:00:00.318918,1361,50.0,10,COMPLETE
179,179,0.8484375,2022-10-29 16:35:05.644498,2022-10-29 16:35:06.055256,0 days 00:00:00.410758,1321,50.0,50,COMPLETE
180,180,0.821875,2022-10-29 16:35:06.055816,2022-10-29 16:35:06.806998,0 days 00:00:00.751182,1461,50.0,270,COMPLETE
181,181,0.865625,2022-10-29 16:35:06.807582,2022-10-29 16:35:07.122937,0 days 00:00:00.315355,1161,50.0,10,COMPLETE
182,182,0.8515625,2022-10-29 16:35:07.123722,2022-10-29 16:35:07.409625,0 days 00:00:00.285903,1031,50.0,10,COMPLETE
183,183,0.8671875,2022-10-29 16:35:07.410105,2022-10-29 16:35:07.841749,0 days 00:00:00.431644,1331,50.0,30,COMPLETE
184,184,0.8828125,2022-10-29 16:35:07.842265,2022-10-29 16:35:08.149347,0 days 00:00:00.307082,1101,50.0,10,COMPLETE
185,185,0.8390625,2022-10-29 16:35:08.149868,2022-10-29 16:35:08.526374,0 days 00:00:00.376506,1081,50.0,50,COMPLETE
186,186,0.86875,2022-10-29 16:35:08.527174,2022-10-29 16:35:08.786879,0 days 00:00:00.259705,991,50.0,10,COMPLETE
187,187,0.8640625,2022-10-29 16:35:08.787349,2022-10-29 16:35:09.080336,0 days 00:00:00.292987,1001,50.0,10,COMPLETE
188,188,0.8359375,2022-10-29 16:35:09.080818,2022-10-29 16:35:09.511504,0 days 00:00:00.430686,991,50.0,90,COMPLETE
