,number,value,datetime_start,datetime_complete,duration,params_feat,params_rf_max_depth,params_rf_max_feat,state
192,192,0.8171875,2022-10-29 16:40:49.101112,2022-10-29 16:40:49.333725,0 days 00:00:00.232613,611,60.0,30,COMPLETE
193,193,0.8421875,2022-10-29 16:40:49.334222,2022-10-29 16:40:49.576912,0 days 00:00:00.242690,661,30.0,30,COMPLETE
194,194,0.8078125,2022-10-29 16:40:49.577413,2022-10-29 16:40:49.925785,0 days 00:00:00.348372,871,30.0,90,COMPLETE
195,195,0.790625,2022-10-29 16:40:49.926294,2022-10-29 16:40:50.859101,0 days 00:00:00.932807,661,30.0,510,COMPLETE
196,196,0.8296875,2022-10-29 16:40:50.859568,2022-10-29 16:40:51.129384,0 days 00:00:00.269816,711,30.0,30,COMPLETE
197,197,0.83125,2022-10-29 16:40:51.129834,2022-10-29 16:40:51.354386,0 days 00:00:00.224552,791,30.0,10,COMPLETE
198,198,0.8375,2022-10-29 16:40:51.354934,2022-10-29 16:40:51.642822,0 days 00:00:00.287888,741,80.0,50,COMPLETE
199,199,0.7984375,2022-10-29 16:40:51.643335,2022-10-29 16:40:51.923904,0 days 00:00:00.280569,81,80.0,70,COMPLETE
